[01m[K/home/lucifer/pi_ws/src/cam/src/cam.cpp:[m[K In constructor â€˜[01m[Kcam::cam(int, char**, ros::NodeHandle)[m[Kâ€™:
[01m[K/home/lucifer/pi_ws/src/cam/src/cam.cpp:12:16:[m[K [01;31m[Kerror: [m[Krequest for member â€˜[01m[Kfind[m[Kâ€™ in â€˜[01m[K*(argv + ((sizetype)(((long unsigned int)i) * 8ul)))[m[Kâ€™, which is of non-class type â€˜[01m[Kchar*[m[Kâ€™
    if (argv[i].find("home/"))
[01;32m[K                ^[m[K
make[2]: *** [CMakeFiles/cam_lib.dir/src/cam.cpp.o] Error 1
make[1]: *** [CMakeFiles/cam_lib.dir/all] Error 2
make: *** [all] Error 2
