[01m[K/home/lucifer/pi_ws/src/cam/src/cam.cpp:[m[K In constructor â€˜[01m[Kcam::cam(int, char**, ros::NodeHandle)[m[Kâ€™:
[01m[K/home/lucifer/pi_ws/src/cam/src/cam.cpp:8:14:[m[K [01;31m[Kerror: [m[Kâ€˜[01m[Ktrackbar[m[Kâ€™ was not declared in this scope
     trackbar();
[01;32m[K              ^[m[K
[01m[K/home/lucifer/pi_ws/src/cam/src/cam.cpp:13:5:[m[K [01;31m[Kerror: [m[Kâ€˜[01m[Kflag[m[Kâ€™ was not declared in this scope
     flag = argv[i][1] - '0';
[01;32m[K     ^[m[K
[01m[K/home/lucifer/pi_ws/src/cam/src/cam.cpp:15:5:[m[K [01;31m[Kerror: [m[Kâ€˜[01m[Kflag[m[Kâ€™ was not declared in this scope
     flag = 7;
[01;32m[K     ^[m[K
[01m[K/home/lucifer/pi_ws/src/cam/src/cam.cpp:24:4:[m[K [01;31m[Kerror: [m[Kâ€˜[01m[Kcap[m[Kâ€™ was not declared in this scope
    cap.open(argv[i]);
[01;32m[K    ^[m[K
[01m[K/home/lucifer/pi_ws/src/cam/src/cam.cpp:28:16:[m[K [01;31m[Kerror: [m[Krequest for member â€˜[01m[Kfind[m[Kâ€™ in â€˜[01m[K*(argv + ((sizetype)(((long unsigned int)i) * 8ul)))[m[Kâ€™, which is of non-class type â€˜[01m[Kchar*[m[Kâ€™
    if (argv[i].find("home/"))
[01;32m[K                ^[m[K
[01m[K/home/lucifer/pi_ws/src/cam/src/cam.cpp:29:5:[m[K [01;31m[Kerror: [m[Kâ€˜[01m[Kcap[m[Kâ€™ was not declared in this scope
     cap.open(argv[i]);
[01;32m[K     ^[m[K
make[2]: *** [CMakeFiles/cam_lib.dir/src/cam.cpp.o] Error 1
make[1]: *** [CMakeFiles/cam_lib.dir/all] Error 2
make: *** [all] Error 2
