[01m[K/home/lucifer/pi_ws/src/pibot/src/Test/pros_wrap.cpp:[m[K In function â€˜[01m[Kint main(int, char**)[m[Kâ€™:
[01m[K/home/lucifer/pi_ws/src/pibot/src/Test/pros_wrap.cpp:10:42:[m[K [01;31m[Kerror: [m[Kâ€˜[01m[Kclass cv::Mat[m[Kâ€™ has no member named â€˜[01m[Kwidth[m[Kâ€™
     createTrackbar("y1", "src", &y1, src.width, NULL);
[01;32m[K                                          ^[m[K
make[2]: *** [CMakeFiles/pibot_pw.dir/src/Test/pros_wrap.cpp.o] Error 1
make[1]: *** [CMakeFiles/pibot_pw.dir/all] Error 2
make: *** [all] Error 2
