[01m[K/home/lucifer/pi_ws/src/pibot/src/cam/cam.cpp:[m[K In member function â€˜[01m[Kint cam::process(int)[m[Kâ€™:
[01m[K/home/lucifer/pi_ws/src/pibot/src/cam/cam.cpp:27:12:[m[K [01;31m[Kerror: [m[Kno matching function for call to â€˜[01m[Kcam::show(int&)[m[Kâ€™
   show(flag);
[01;32m[K            ^[m[K
In file included from [01m[K/home/lucifer/pi_ws/src/pibot/src/cam/cam.cpp:1:0[m[K:
[01m[K/home/lucifer/pi_ws/src/pibot/include/cam/cam.h:16:7:[m[K [01;36m[Knote: [m[Kcandidate: void cam::show()
  void show();
[01;32m[K       ^[m[K
[01m[K/home/lucifer/pi_ws/src/pibot/include/cam/cam.h:16:7:[m[K [01;36m[Knote: [m[K  candidate expects 0 arguments, 1 provided
[01m[K/home/lucifer/pi_ws/src/pibot/src/cam/cam.cpp:[m[K At global scope:
[01m[K/home/lucifer/pi_ws/src/pibot/src/cam/cam.cpp:92:6:[m[K [01;31m[Kerror: [m[Kprototype for â€˜[01m[Kvoid cam::show(int)[m[Kâ€™ does not match any in class â€˜[01m[Kcam[m[Kâ€™
 void cam::show(int x)
[01;32m[K      ^[m[K
In file included from [01m[K/home/lucifer/pi_ws/src/pibot/src/cam/cam.cpp:1:0[m[K:
[01m[K/home/lucifer/pi_ws/src/pibot/include/cam/cam.h:16:7:[m[K [01;31m[Kerror: [m[Kcandidate is: void cam::show()
  void show();
[01;32m[K       ^[m[K
make[2]: *** [CMakeFiles/pibot_lib.dir/src/cam/cam.cpp.o] Error 1
make[1]: *** [CMakeFiles/pibot_lib.dir/all] Error 2
make[1]: *** Waiting for unfinished jobs....
make: *** [all] Error 2
