[01m[K/home/lucifer/pi_ws/src/pibot/src/lane_hl/main.cpp:1:21:[m[K [01;31m[Kfatal error: [m[Klane_hl.h: No such file or directory
compilation terminated.
make[2]: *** [CMakeFiles/pibot_hl.dir/src/lane_hl/main.cpp.o] Error 1
make[1]: *** [CMakeFiles/pibot_hl.dir/all] Error 2
make[1]: *** Waiting for unfinished jobs....
[01m[K/home/lucifer/pi_ws/src/pibot/src/lane_hl/lane_hl.cpp:[m[K In constructor â€˜[01m[Klane::lane(int)[m[Kâ€™:
[01m[K/home/lucifer/pi_ws/src/pibot/src/lane_hl/lane_hl.cpp:3:27:[m[K [01;31m[Kerror: [m[Kno matching function for call to â€˜[01m[Kcam::cam()[m[Kâ€™
 lane::lane(int th_flag = 0)
[01;32m[K                           ^[m[K
In file included from [01m[K/home/lucifer/pi_ws/src/pibot/include/lane_hl/lane_hl.h:5:0[m[K,
                 from [01m[K/home/lucifer/pi_ws/src/pibot/src/lane_hl/lane_hl.cpp:1[m[K:
[01m[K/home/lucifer/pi_ws/src/pibot/include/cam/cam.h:12:2:[m[K [01;36m[Knote: [m[Kcandidate: cam::cam(int)
  cam(int);
[01;32m[K  ^[m[K
[01m[K/home/lucifer/pi_ws/src/pibot/include/cam/cam.h:12:2:[m[K [01;36m[Knote: [m[K  candidate expects 1 argument, 0 provided
[01m[K/home/lucifer/pi_ws/src/pibot/include/cam/cam.h:9:7:[m[K [01;36m[Knote: [m[Kcandidate: cam::cam(const cam&)
 class cam
[01;32m[K       ^[m[K
[01m[K/home/lucifer/pi_ws/src/pibot/include/cam/cam.h:9:7:[m[K [01;36m[Knote: [m[K  candidate expects 1 argument, 0 provided
[01m[K/home/lucifer/pi_ws/src/pibot/src/lane_hl/lane_hl.cpp:[m[K At global scope:
[01m[K/home/lucifer/pi_ws/src/pibot/src/lane_hl/lane_hl.cpp:16:6:[m[K [01;31m[Kerror: [m[Kprototype for â€˜[01m[Kvoid lane::perform()[m[Kâ€™ does not match any in class â€˜[01m[Klane[m[Kâ€™
 void lane::perform()
[01;32m[K      ^[m[K
In file included from [01m[K/home/lucifer/pi_ws/src/pibot/src/lane_hl/lane_hl.cpp:1:0[m[K:
[01m[K/home/lucifer/pi_ws/src/pibot/include/lane_hl/lane_hl.h:19:6:[m[K [01;31m[Kerror: [m[Kcandidate is: cv::Mat lane::perform()
  Mat perform();   //**inherited function overloading**
[01;32m[K      ^[m[K
[01m[K/home/lucifer/pi_ws/src/pibot/src/lane_hl/lane_hl.cpp:[m[K In member function â€˜[01m[Kvoid lane::show(int)[m[Kâ€™:
[01m[K/home/lucifer/pi_ws/src/pibot/src/lane_hl/lane_hl.cpp:55:18:[m[K [01;31m[Kerror: [m[Kâ€˜[01m[Khsv[m[Kâ€™ was not declared in this scope
   imshow("gray", hsv);
[01;32m[K                  ^[m[K
[01m[K/home/lucifer/pi_ws/src/pibot/src/cam/cam.cpp:[m[K In member function â€˜[01m[Kint cam::process()[m[Kâ€™:
[01m[K/home/lucifer/pi_ws/src/pibot/src/cam/cam.cpp:27:8:[m[K [01;31m[Kerror: [m[Kno matching function for call to â€˜[01m[Kcam::show()[m[Kâ€™
   show();
[01;32m[K        ^[m[K
In file included from [01m[K/home/lucifer/pi_ws/src/pibot/src/cam/cam.cpp:1:0[m[K:
[01m[K/home/lucifer/pi_ws/src/pibot/include/cam/cam.h:16:7:[m[K [01;36m[Knote: [m[Kcandidate: void cam::show(int)
  void show(int);
[01;32m[K       ^[m[K
[01m[K/home/lucifer/pi_ws/src/pibot/include/cam/cam.h:16:7:[m[K [01;36m[Knote: [m[K  candidate expects 1 argument, 0 provided
make[2]: *** [CMakeFiles/pibot_hl_lib.dir/src/lane_hl/lane_hl.cpp.o] Error 1
make[1]: *** [CMakeFiles/pibot_hl_lib.dir/all] Error 2
make[2]: *** [CMakeFiles/pibot_lib.dir/src/cam/cam.cpp.o] Error 1
make[1]: *** [CMakeFiles/pibot_lib.dir/all] Error 2
make: *** [all] Error 2
