[35m[1mScanning dependencies of target pibot_lib[0m
[ 14%] Built target pibot_ipm_lib
[ 35%] Built target pibot_hl_lib
[ 42%] [32mBuilding CXX object CMakeFiles/pibot_lib.dir/src/cam/cam.cpp.o[0m
[01m[K/home/lucifer/pi_ws/src/pibot/src/cam/cam.cpp:[m[K In member function â€˜[01m[Kvoid cam::show()[m[Kâ€™:
[01m[K/home/lucifer/pi_ws/src/pibot/src/cam/cam.cpp:110:6:[m[K [01;31m[Kerror: [m[Kâ€˜[01m[Kx[m[Kâ€™ was not declared in this scope
  if (x & 1)
[01;32m[K      ^[m[K
[01m[K/home/lucifer/pi_ws/src/pibot/src/cam/cam.cpp:112:6:[m[K [01;31m[Kerror: [m[Kâ€˜[01m[Kx[m[Kâ€™ was not declared in this scope
  if (x & 2)
[01;32m[K      ^[m[K
[01m[K/home/lucifer/pi_ws/src/pibot/src/cam/cam.cpp:114:6:[m[K [01;31m[Kerror: [m[Kâ€˜[01m[Kx[m[Kâ€™ was not declared in this scope
  if (x & 4)
[01;32m[K      ^[m[K
CMakeFiles/pibot_lib.dir/build.make:62: recipe for target 'CMakeFiles/pibot_lib.dir/src/cam/cam.cpp.o' failed
make[2]: *** [CMakeFiles/pibot_lib.dir/src/cam/cam.cpp.o] Error 1
CMakeFiles/Makefile2:408: recipe for target 'CMakeFiles/pibot_lib.dir/all' failed
make[1]: *** [CMakeFiles/pibot_lib.dir/all] Error 2
Makefile:138: recipe for target 'all' failed
make: *** [all] Error 2
