[01m[K/home/lucifer/pi_ws/src/pibot/src/Test/pros_wrap.cpp:[m[K In function â€˜[01m[Kint main()[m[Kâ€™:
[01m[K/home/lucifer/pi_ws/src/pibot/src/Test/pros_wrap.cpp:13:22:[m[K [01;31m[Kerror: [m[Kâ€˜[01m[Kargv[m[Kâ€™ was not declared in this scope
     VideoCapture cap(argv[1]);
[01;32m[K                      ^[m[K
[01m[K/home/lucifer/pi_ws/src/pibot/src/Test/pros_wrap.cpp:17:10:[m[K [01;31m[Kerror: [m[Kno match for â€˜[01m[Koperator>>[m[Kâ€™ (operand types are â€˜[01m[Kcv::Mat[m[Kâ€™ and â€˜[01m[Kcv::VideoCapture[m[Kâ€™)
      src >> cap;
[01;32m[K          ^[m[K
In file included from [01m[K/opt/ros/kinetic/include/opencv-3.3.1-dev/opencv2/core.hpp:60:0[m[K,
                 from [01m[K/opt/ros/kinetic/include/opencv-3.3.1-dev/opencv2/opencv.hpp:52[m[K,
                 from [01m[K/home/lucifer/pi_ws/src/pibot/src/Test/pros_wrap.cpp:1[m[K:
[01m[K/opt/ros/kinetic/include/opencv-3.3.1-dev/opencv2/core/persistence.hpp:1212:19:[m[K [01;36m[Knote: [m[Kcandidate: template<class _Tp> cv::FileNodeIterator& cv::operator>>(cv::FileNodeIterator&, _Tp&)
 FileNodeIterator& operator >> (FileNodeIterator& it, _Tp& value)
[01;32m[K                   ^[m[K
[01m[K/opt/ros/kinetic/include/opencv-3.3.1-dev/opencv2/core/persistence.hpp:1212:19:[m[K [01;36m[Knote: [m[K  template argument deduction/substitution failed:
[01m[K/home/lucifer/pi_ws/src/pibot/src/Test/pros_wrap.cpp:17:13:[m[K [01;36m[Knote: [m[K  cannot convert â€˜[01m[Ksrc[m[Kâ€™ (type â€˜[01m[Kcv::Mat[m[Kâ€™) to type â€˜[01m[Kcv::FileNodeIterator&[m[Kâ€™
      src >> cap;
[01;32m[K             ^[m[K
In file included from [01m[K/opt/ros/kinetic/include/opencv-3.3.1-dev/opencv2/core.hpp:60:0[m[K,
                 from [01m[K/opt/ros/kinetic/include/opencv-3.3.1-dev/opencv2/opencv.hpp:52[m[K,
                 from [01m[K/home/lucifer/pi_ws/src/pibot/src/Test/pros_wrap.cpp:1[m[K:
[01m[K/opt/ros/kinetic/include/opencv-3.3.1-dev/opencv2/core/persistence.hpp:1221:19:[m[K [01;36m[Knote: [m[Kcandidate: template<class _Tp> cv::FileNodeIterator& cv::operator>>(cv::FileNodeIterator&, std::vector<_Tp>&)
 FileNodeIterator& operator >> (FileNodeIterator& it, std::vector<_Tp>& vec)
[01;32m[K                   ^[m[K
[01m[K/opt/ros/kinetic/include/opencv-3.3.1-dev/opencv2/core/persistence.hpp:1221:19:[m[K [01;36m[Knote: [m[K  template argument deduction/substitution failed:
[01m[K/home/lucifer/pi_ws/src/pibot/src/Test/pros_wrap.cpp:17:13:[m[K [01;36m[Knote: [m[K  cannot convert â€˜[01m[Ksrc[m[Kâ€™ (type â€˜[01m[Kcv::Mat[m[Kâ€™) to type â€˜[01m[Kcv::FileNodeIterator&[m[Kâ€™
      src >> cap;
[01;32m[K             ^[m[K
In file included from [01m[K/opt/ros/kinetic/include/opencv-3.3.1-dev/opencv2/core.hpp:60:0[m[K,
                 from [01m[K/opt/ros/kinetic/include/opencv-3.3.1-dev/opencv2/opencv.hpp:52[m[K,
                 from [01m[K/home/lucifer/pi_ws/src/pibot/src/Test/pros_wrap.cpp:1[m[K:
[01m[K/opt/ros/kinetic/include/opencv-3.3.1-dev/opencv2/core/persistence.hpp:1236:6:[m[K [01;36m[Knote: [m[Kcandidate: template<class _Tp> void cv::operator>>(const cv::FileNode&, _Tp&)
 void operator >> (const FileNode& n, _Tp& value)
[01;32m[K      ^[m[K
[01m[K/opt/ros/kinetic/include/opencv-3.3.1-dev/opencv2/core/persistence.hpp:1236:6:[m[K [01;36m[Knote: [m[K  template argument deduction/substitution failed:
[01m[K/home/lucifer/pi_ws/src/pibot/src/Test/pros_wrap.cpp:17:13:[m[K [01;36m[Knote: [m[K  cannot convert â€˜[01m[Ksrc[m[Kâ€™ (type â€˜[01m[Kcv::Mat[m[Kâ€™) to type â€˜[01m[Kconst cv::FileNode&[m[Kâ€™
      src >> cap;
[01;32m[K             ^[m[K
In file included from [01m[K/opt/ros/kinetic/include/opencv-3.3.1-dev/opencv2/core.hpp:60:0[m[K,
                 from [01m[K/opt/ros/kinetic/include/opencv-3.3.1-dev/opencv2/opencv.hpp:52[m[K,
                 from [01m[K/home/lucifer/pi_ws/src/pibot/src/Test/pros_wrap.cpp:1[m[K:
[01m[K/opt/ros/kinetic/include/opencv-3.3.1-dev/opencv2/core/persistence.hpp:1244:6:[m[K [01;36m[Knote: [m[Kcandidate: template<class _Tp> void cv::operator>>(const cv::FileNode&, std::vector<_Tp>&)
 void operator >> (const FileNode& n, std::vector<_Tp>& vec)
[01;32m[K      ^[m[K
[01m[K/opt/ros/kinetic/include/opencv-3.3.1-dev/opencv2/core/persistence.hpp:1244:6:[m[K [01;36m[Knote: [m[K  template argument deduction/substitution failed:
[01m[K/home/lucifer/pi_ws/src/pibot/src/Test/pros_wrap.cpp:17:13:[m[K [01;36m[Knote: [m[K  cannot convert â€˜[01m[Ksrc[m[Kâ€™ (type â€˜[01m[Kcv::Mat[m[Kâ€™) to type â€˜[01m[Kconst cv::FileNode&[m[Kâ€™
      src >> cap;
[01;32m[K             ^[m[K
In file included from [01m[K/opt/ros/kinetic/include/opencv-3.3.1-dev/opencv2/core.hpp:60:0[m[K,
                 from [01m[K/opt/ros/kinetic/include/opencv-3.3.1-dev/opencv2/opencv.hpp:52[m[K,
                 from [01m[K/home/lucifer/pi_ws/src/pibot/src/Test/pros_wrap.cpp:1[m[K:
[01m[K/opt/ros/kinetic/include/opencv-3.3.1-dev/opencv2/core/persistence.hpp:1254:6:[m[K [01;36m[Knote: [m[Kcandidate: void cv::operator>>(const cv::FileNode&, cv::KeyPoint&)
 void operator >> (const FileNode& n, KeyPoint& kpt)
[01;32m[K      ^[m[K
[01m[K/opt/ros/kinetic/include/opencv-3.3.1-dev/opencv2/core/persistence.hpp:1254:6:[m[K [01;36m[Knote: [m[K  no known conversion for argument 1 from â€˜[01m[Kcv::Mat[m[Kâ€™ to â€˜[01m[Kconst cv::FileNode&[m[Kâ€™
[01m[K/opt/ros/kinetic/include/opencv-3.3.1-dev/opencv2/core/persistence.hpp:1262:6:[m[K [01;36m[Knote: [m[Kcandidate: void cv::operator>>(const cv::FileNode&, std::vector<cv::KeyPoint>&)
 void operator >> (const FileNode& n, std::vector<KeyPoint>& vec)
[01;32m[K      ^[m[K
[01m[K/opt/ros/kinetic/include/opencv-3.3.1-dev/opencv2/core/persistence.hpp:1262:6:[m[K [01;36m[Knote: [m[K  no known conversion for argument 1 from â€˜[01m[Kcv::Mat[m[Kâ€™ to â€˜[01m[Kconst cv::FileNode&[m[Kâ€™
[01m[K/opt/ros/kinetic/include/opencv-3.3.1-dev/opencv2/core/persistence.hpp:1267:6:[m[K [01;36m[Knote: [m[Kcandidate: void cv::operator>>(const cv::FileNode&, std::vector<cv::DMatch>&)
 void operator >> (const FileNode& n, std::vector<DMatch>& vec)
[01;32m[K      ^[m[K
[01m[K/opt/ros/kinetic/include/opencv-3.3.1-dev/opencv2/core/persistence.hpp:1267:6:[m[K [01;36m[Knote: [m[K  no known conversion for argument 1 from â€˜[01m[Kcv::Mat[m[Kâ€™ to â€˜[01m[Kconst cv::FileNode&[m[Kâ€™
[01m[K/opt/ros/kinetic/include/opencv-3.3.1-dev/opencv2/core/persistence.hpp:1277:6:[m[K [01;36m[Knote: [m[Kcandidate: void cv::operator>>(const cv::FileNode&, cv::DMatch&)
 void operator >> (const FileNode& n, DMatch& m)
[01;32m[K      ^[m[K
[01m[K/opt/ros/kinetic/include/opencv-3.3.1-dev/opencv2/core/persistence.hpp:1277:6:[m[K [01;36m[Knote: [m[K  no known conversion for argument 1 from â€˜[01m[Kcv::Mat[m[Kâ€™ to â€˜[01m[Kconst cv::FileNode&[m[Kâ€™
make[2]: *** [CMakeFiles/pibot_pw.dir/src/Test/pros_wrap.cpp.o] Error 1
make[1]: *** [CMakeFiles/pibot_pw.dir/all] Error 2
make: *** [all] Error 2
