[01m[K/home/lucifer/pi_ws/src/pibot/src/Test/pros_wrap.cpp:[m[K In function â€˜[01m[Kvoid plot()[m[Kâ€™:
[01m[K/home/lucifer/pi_ws/src/pibot/src/Test/pros_wrap.cpp:9:2:[m[K [01;31m[Kerror: [m[Kâ€˜[01m[Ksrc_vertices[m[Kâ€™ was not declared in this scope
  src_vertices[0] = Point(x1, y1);
[01;32m[K  ^[m[K
[01m[K/home/lucifer/pi_ws/src/pibot/src/Test/pros_wrap.cpp:14:2:[m[K [01;31m[Kerror: [m[Kâ€˜[01m[Kdst_vertices[m[Kâ€™ was not declared in this scope
  dst_vertices[0] = Point(0, 0);
[01;32m[K  ^[m[K
[01m[K/home/lucifer/pi_ws/src/pibot/src/Test/pros_wrap.cpp:19:7:[m[K [01;31m[Kerror: [m[Kâ€˜[01m[Ksrc[m[Kâ€™ was not declared in this scope
  line(src, Point(x1, y1), Point(x2, y1), Scalar(0,0,255), 2);
[01;32m[K       ^[m[K
[01m[K/home/lucifer/pi_ws/src/pibot/src/Test/pros_wrap.cpp:[m[K In function â€˜[01m[Kvoid trackbar()[m[Kâ€™:
[01m[K/home/lucifer/pi_ws/src/pibot/src/Test/pros_wrap.cpp:32:35:[m[K [01;31m[Kerror: [m[Kâ€˜[01m[Ksrc[m[Kâ€™ was not declared in this scope
  createTrackbar("y1", "src", &y1, src.size().height, NULL);
[01;32m[K                                   ^[m[K
[01m[K/home/lucifer/pi_ws/src/pibot/src/Test/pros_wrap.cpp:33:31:[m[K [01;31m[Kerror: [m[Kâ€˜[01m[Ky2[m[Kâ€™ was not declared in this scope
  createTrackbar("y2", "src", &y2, src.size().height, NULL);
[01;32m[K                               ^[m[K
[01m[K/home/lucifer/pi_ws/src/pibot/src/Test/pros_wrap.cpp:35:31:[m[K [01;31m[Kerror: [m[Kâ€˜[01m[Kx1[m[Kâ€™ was not declared in this scope
  createTrackbar("x1", "src", &x1, src.size().width, NULL);
[01;32m[K                               ^[m[K
[01m[K/home/lucifer/pi_ws/src/pibot/src/Test/pros_wrap.cpp:36:31:[m[K [01;31m[Kerror: [m[Kâ€˜[01m[Kx2[m[Kâ€™ was not declared in this scope
  createTrackbar("x2", "src", &x2, src.size().width, NULL);
[01;32m[K                               ^[m[K
[01m[K/home/lucifer/pi_ws/src/pibot/src/Test/pros_wrap.cpp:37:31:[m[K [01;31m[Kerror: [m[Kâ€˜[01m[Kx3[m[Kâ€™ was not declared in this scope
  createTrackbar("x3", "src", &x3, src.size().width, NULL);
[01;32m[K                               ^[m[K
[01m[K/home/lucifer/pi_ws/src/pibot/src/Test/pros_wrap.cpp:38:31:[m[K [01;31m[Kerror: [m[Kâ€˜[01m[Kx4[m[Kâ€™ was not declared in this scope
  createTrackbar("x4", "src", &x4, src.size().width, NULL);
[01;32m[K                               ^[m[K
make[2]: *** [CMakeFiles/pibot_pw.dir/src/Test/pros_wrap.cpp.o] Error 1
make[1]: *** [CMakeFiles/pibot_pw.dir/all] Error 2
make: *** [all] Error 2
