[01m[K/home/lucifer/pi_ws/src/pibot/src/cam/cam.cpp:[m[K In member function â€˜[01m[Kvoid cam::show()[m[Kâ€™:
[01m[K/home/lucifer/pi_ws/src/pibot/src/cam/cam.cpp:110:6:[m[K [01;31m[Kerror: [m[Kâ€˜[01m[Kx[m[Kâ€™ was not declared in this scope
  if (x & 1)
[01;32m[K      ^[m[K
[01m[K/home/lucifer/pi_ws/src/pibot/src/cam/cam.cpp:112:6:[m[K [01;31m[Kerror: [m[Kâ€˜[01m[Kx[m[Kâ€™ was not declared in this scope
  if (x & 2)
[01;32m[K      ^[m[K
[01m[K/home/lucifer/pi_ws/src/pibot/src/cam/cam.cpp:114:6:[m[K [01;31m[Kerror: [m[Kâ€˜[01m[Kx[m[Kâ€™ was not declared in this scope
  if (x & 4)
[01;32m[K      ^[m[K
make[2]: *** [CMakeFiles/pibot_lib.dir/src/cam/cam.cpp.o] Error 1
make[1]: *** [CMakeFiles/pibot_lib.dir/all] Error 2
make: *** [all] Error 2
