[01m[K/home/lucifer/pi_ws/src/pibot/src/lane_hl/lane_hl.cpp:[m[K In member function â€˜[01m[Kint lane::process()[m[Kâ€™:
[01m[K/home/lucifer/pi_ws/src/pibot/src/lane_hl/lane_hl.cpp:39:8:[m[K [01;31m[Kerror: [m[Kno matching function for call to â€˜[01m[Klane::show()[m[Kâ€™
   show();
[01;32m[K        ^[m[K
In file included from [01m[K/home/lucifer/pi_ws/src/pibot/src/lane_hl/lane_hl.cpp:1:0[m[K:
[01m[K/home/lucifer/pi_ws/src/pibot/include/lane_hl/lane_hl.h:19:7:[m[K [01;36m[Knote: [m[Kcandidate: void lane::show(int)
  void show(int);  
[01;32m[K       ^[m[K
[01m[K/home/lucifer/pi_ws/src/pibot/include/lane_hl/lane_hl.h:19:7:[m[K [01;36m[Knote: [m[K  candidate expects 1 argument, 0 provided
[01m[K/home/lucifer/pi_ws/src/pibot/src/lane_hl/lane_hl.cpp:[m[K At global scope:
[01m[K/home/lucifer/pi_ws/src/pibot/src/lane_hl/lane_hl.cpp:77:6:[m[K [01;31m[Kerror: [m[Kprototype for â€˜[01m[Kvoid lane::show()[m[Kâ€™ does not match any in class â€˜[01m[Klane[m[Kâ€™
 void lane::show()
[01;32m[K      ^[m[K
In file included from [01m[K/home/lucifer/pi_ws/src/pibot/src/lane_hl/lane_hl.cpp:1:0[m[K:
[01m[K/home/lucifer/pi_ws/src/pibot/include/lane_hl/lane_hl.h:19:7:[m[K [01;31m[Kerror: [m[Kcandidate is: void lane::show(int)
  void show(int);  
[01;32m[K       ^[m[K
make[2]: *** [CMakeFiles/pibot_hl_lib.dir/src/lane_hl/lane_hl.cpp.o] Error 1
make[2]: *** Waiting for unfinished jobs....
make[1]: *** [CMakeFiles/pibot_hl_lib.dir/all] Error 2
make: *** [all] Error 2
